[2019-07-07T14:14:25.459] [INFO] default - Open Project event
[2019-07-07T16:16:23.843] [INFO] default - Open Project event
[2019-07-07T16:16:23.846] [INFO] default - Open Project event
[2019-07-07T19:26:19.406] [INFO] default - Open Project event
[2019-07-07T21:22:01.205] [INFO] default - Open Project event
[2019-07-07T21:22:01.219] [INFO] default - Open Project event
[2019-07-07T21:22:01.219] [INFO] default - Open Project event
[2019-07-07T21:22:01.219] [INFO] default - Open Project event
[2019-07-07T21:22:01.219] [INFO] default - Open Project event
[2019-07-07T21:22:01.219] [INFO] default - Open Project event
[2019-07-07T21:22:01.219] [INFO] default - Open Project event
[2019-07-07T21:22:01.219] [INFO] default - Open Project event
[2019-07-07T21:22:45.267] [INFO] default - Open Project event
[2019-07-07T21:24:12.932] [INFO] default - Open Project event
[2019-07-07T21:24:12.934] [INFO] default - Open Project event
[2019-07-07T21:24:12.934] [INFO] default - Open Project event
[2019-07-07T21:24:26.659] [INFO] default - Open Project event
[2019-07-07T21:24:26.660] [INFO] default - Open Project event
[2019-07-07T21:24:26.660] [INFO] default - Open Project event
[2019-07-07T21:33:05.389] [WARN] default - File not found:C:\Users\hempf\Documents/info.json
[2019-07-07T21:33:05.389] [INFO] default - Open Project event
[2019-07-07T21:33:05.389] [INFO] default - Open Project event
[2019-07-07T21:33:05.389] [INFO] default - Open Project event
[2019-07-07T21:33:05.389] [INFO] default - Open Project event
[2019-07-07T21:33:05.389] [INFO] default - Open Project event
[2019-07-07T21:33:05.389] [INFO] default - Open Project event
[2019-07-07T21:33:05.389] [INFO] default - Open Project event
[2019-07-07T21:33:05.389] [INFO] default - Open Project event
[2019-07-07T21:33:05.389] [INFO] default - Open Project event
[2019-07-07T21:33:32.079] [WARN] default - File not found:C:\Users\hempf\Documents/info.json
[2019-07-07T21:33:32.083] [INFO] default - Open Project event
[2019-07-07T21:36:59.918] [WARN] default - Could not load project,because it missing name or version!
[2019-07-07T21:36:59.918] [INFO] default - Open Project event
[2019-07-07T21:36:59.918] [INFO] default - Open Project event
[2019-07-07T21:38:31.028] [ERROR] default - TypeError [ERR_INVALID_ARG_TYPE]: undefined: The "path" argument must be one of type string, Buffer, or URL. Received type undefined
    at Object.openSync (fs.js:428:3)
    at Object.module.(anonymous function) [as openSync] (ELECTRON_ASAR.js:160:31)
    at Object.readFileSync (fs.js:341:35)
    at Object.fs.readFileSync (ELECTRON_ASAR.js:580:40)
    at Object.readFileSync (webpack-internal:///./node_modules/jsonfile/index.js:64:22)
    at Object.loadProjectInfo (webpack-internal:///./src/project/projectManager.js:57:23)
    at Object.openProject (webpack-internal:///./src/project/projectManager.js:33:23)
    at VueComponent.openProject (webpack-internal:///./node_modules/babel-loader/lib/index.js?!./node_modules/vue-loader/lib/index.js?!./src/layouts/layouts.vue?vue&type=script&lang=js&:210:73)
    at CallbacksRegistry.apply (D:\BlocklyCraftProject\CraftCreator\node_modules\electron\dist\resources\electron.asar\renderer\callbacks-registry.js:47:25)
    at handleMessage (D:\BlocklyCraftProject\CraftCreator\node_modules\electron\dist\resources\electron.asar\renderer\api\remote.js:285:21)
[2019-07-07T21:38:31.029] [INFO] default - Open Project event
[2019-07-07T21:38:31.029] [INFO] default - Open Project event
[2019-07-07T21:38:31.029] [INFO] default - Open Project event
[2019-07-07T21:39:01.185] [INFO] default - Open Project event
[2019-07-07T21:39:01.185] [INFO] default - Open Project event
[2019-07-07T21:39:01.185] [INFO] default - Open Project event
[2019-07-07T21:39:01.185] [INFO] default - Open Project event
[2019-07-07T21:40:37.852] [INFO] default - Open project result:SUCCESS
[2019-07-07T21:40:37.853] [INFO] default - Open Project event
[2019-07-07T21:40:37.853] [INFO] default - Open Project event
[2019-07-07T21:40:37.853] [INFO] default - Open Project event
[2019-07-07T21:40:37.853] [INFO] default - Open Project event
[2019-07-07T21:40:37.853] [INFO] default - Open Project event
[2019-07-07T21:40:51.540] [INFO] default - Open project result:SUCCESS
[2019-07-07T21:40:51.540] [INFO] default - Open Project event
[2019-07-07T21:40:51.542] [INFO] default - Open Project event
[2019-07-07T21:40:51.542] [INFO] default - Open Project event
[2019-07-07T21:40:51.542] [INFO] default - Open Project event
[2019-07-07T21:40:51.542] [INFO] default - Open Project event
[2019-07-07T21:42:08.899] [INFO] default - Open project result:SUCCESS
[2019-07-07T21:42:08.899] [INFO] default - Open Project event
[2019-07-07T21:42:08.899] [INFO] default - Open Project event
[2019-07-07T21:42:08.899] [INFO] default - Open Project event
[2019-07-07T21:42:08.899] [INFO] default - Open Project event
[2019-07-07T21:42:08.899] [INFO] default - Open Project event
[2019-07-07T21:42:08.900] [INFO] default - [undefined]Open Project event
[2019-07-07T21:42:59.091] [INFO] default - Open project result:SUCCESS
[2019-07-07T21:42:59.091] [INFO] default - Open Project event
[2019-07-07T21:42:59.091] [INFO] default - Open Project event
[2019-07-07T21:42:59.091] [INFO] default - Open Project event
[2019-07-07T21:42:59.091] [INFO] default - Open Project event
[2019-07-07T21:42:59.091] [INFO] default - Open Project event
[2019-07-07T21:42:59.091] [INFO] default - [undefined]Open Project event
[2019-07-07T21:42:59.092] [INFO] default - [ProjectArea]Open Project event
[2019-07-07T21:42:59.092] [INFO] default - [ProjectArea]rec project-event
[2019-07-07T21:43:51.078] [INFO] default - Open project result:SUCCESS
[2019-07-07T21:43:51.078] [INFO] default - Open Project event
[2019-07-07T21:43:51.078] [INFO] default - Open Project event
[2019-07-07T21:43:51.078] [INFO] default - Open Project event
[2019-07-07T21:43:51.078] [INFO] default - Open Project event
[2019-07-07T21:43:51.078] [INFO] default - Open Project event
[2019-07-07T21:43:51.078] [INFO] default - [undefined]Open Project event
[2019-07-07T21:43:51.078] [INFO] default - [ProjectArea]Open Project event
[2019-07-07T21:43:51.078] [INFO] default - [ProjectArea]rec project-event
[2019-07-07T21:44:02.552] [INFO] default - Open project result:SUCCESS
[2019-07-07T21:44:02.552] [INFO] default - Open Project event
[2019-07-07T21:44:02.552] [INFO] default - Open Project event
[2019-07-07T21:44:02.552] [INFO] default - Open Project event
[2019-07-07T21:44:02.552] [INFO] default - Open Project event
[2019-07-07T21:44:02.553] [INFO] default - Open Project event
[2019-07-07T21:44:02.555] [INFO] default - [undefined]Open Project event
[2019-07-07T21:44:02.555] [INFO] default - [ProjectArea]Open Project event
[2019-07-07T21:44:02.555] [INFO] default - [ProjectArea]rec project-event
[2019-07-07T21:45:30.908] [INFO] default - Open project result:SUCCESS
[2019-07-07T21:45:30.910] [INFO] default - [ProjectArea]rec project-event
[2019-07-07T21:45:51.582] [INFO] default - Open project result:SUCCESS
[2019-07-07T21:45:51.582] [INFO] default - [ProjectArea]rec project-event
[2019-07-07T21:49:45.898] [INFO] default - Open project result:SUCCESS
[2019-07-07T21:49:45.898] [INFO] default - [ProjectArea]rec project-event
[2019-07-07T21:49:45.898] [INFO] default - [ProjectArea]rec project-event
[2019-07-07T21:49:45.898] [INFO] default - [ProjectArea]rec project-event
[2019-07-07T21:49:45.900] [INFO] default - [ProjectArea]rec project-event
[2019-07-07T21:50:35.493] [INFO] default - Open project result:SUCCESS
[2019-07-07T21:50:35.493] [INFO] default - [ProjectArea]rec project-event
[2019-07-07T21:50:35.493] [INFO] default - [ProjectArea]rec project-event
[2019-07-07T21:50:35.495] [INFO] default - [ProjectArea]rec project-event
[2019-07-07T21:50:35.495] [INFO] default - [ProjectArea]rec project-event
[2019-07-07T21:50:35.495] [INFO] default - [ProjectArea]rec project-event
[2019-07-07T21:52:20.582] [INFO] default - Open project result:SUCCESS
[2019-07-07T21:52:20.582] [INFO] default - [ProjectArea]rec project-event
[2019-07-07T21:52:20.582] [INFO] default - [ProjectArea]rec project-event
[2019-07-07T21:52:20.582] [INFO] default - [ProjectArea]rec project-event
[2019-07-07T21:52:20.583] [INFO] default - [ProjectArea]rec project-event
[2019-07-07T21:52:20.583] [INFO] default - [ProjectArea]rec project-event
[2019-07-07T21:52:20.583] [INFO] default - [ProjectArea]rec project-event
[2019-07-07T21:52:34.454] [INFO] default - Open project result:SUCCESS
[2019-07-07T21:52:34.454] [INFO] default - [ProjectArea]rec project-event
[2019-07-07T21:52:34.454] [INFO] default - [ProjectArea]rec project-event
[2019-07-07T21:52:34.454] [INFO] default - [ProjectArea]rec project-event
[2019-07-07T21:52:34.454] [INFO] default - [ProjectArea]rec project-event
[2019-07-07T21:52:34.454] [INFO] default - [ProjectArea]rec project-event
[2019-07-07T21:52:34.454] [INFO] default - [ProjectArea]rec project-event
[2019-07-07T21:52:41.323] [INFO] default - Open project result:SUCCESS
[2019-07-07T21:52:41.323] [INFO] default - [ProjectArea]rec project-event
[2019-07-07T21:52:41.323] [INFO] default - [ProjectArea]rec project-event
[2019-07-07T21:52:41.324] [INFO] default - [ProjectArea]rec project-event
[2019-07-07T21:52:41.324] [INFO] default - [ProjectArea]rec project-event
[2019-07-07T21:52:41.324] [INFO] default - [ProjectArea]rec project-event
[2019-07-07T21:52:41.324] [INFO] default - [ProjectArea]rec project-event
[2019-07-07T21:53:09.854] [INFO] default - Open project result:SUCCESS
[2019-07-07T21:53:09.854] [INFO] default - [ProjectArea]rec project-event
[2019-07-07T21:53:09.854] [INFO] default - [ProjectArea]rec project-event
[2019-07-07T21:53:09.854] [INFO] default - [ProjectArea]rec project-event
[2019-07-07T21:53:09.854] [INFO] default - [ProjectArea]rec project-event
[2019-07-07T21:53:09.854] [INFO] default - [ProjectArea]rec project-event
[2019-07-07T21:53:09.854] [INFO] default - [ProjectArea]rec project-event
[2019-07-07T21:53:09.854] [INFO] default - [ProjectArea]rec project-event
[2019-07-07T21:55:10.013] [INFO] default - Open project result:SUCCESS
[2019-07-07T21:55:10.016] [INFO] default - [ProjectArea]rec project-event
[2019-07-07T21:56:20.702] [INFO] default - Open project result:SUCCESS
[2019-07-07T21:56:20.702] [INFO] default - [ProjectArea]rec project-event
[2019-07-07T21:56:20.704] [INFO] default - [ProjectArea]rec project-event
[2019-07-07T21:58:51.837] [ERROR] default - SyntaxError: D:\试验区\假的项目/info.json: Unexpected token } in JSON at position 21
    at JSON.parse (<anonymous>)
    at Object.readFileSync (webpack-internal:///./node_modules/jsonfile/index.js:66:17)
    at Object.loadProjectInfo (webpack-internal:///./src/project/projectManager.js:57:23)
    at Object.openProject (webpack-internal:///./src/project/projectManager.js:33:23)
    at VueComponent.openProject (webpack-internal:///./node_modules/babel-loader/lib/index.js?!./node_modules/vue-loader/lib/index.js?!./src/layouts/layouts.vue?vue&type=script&lang=js&:211:86)
    at CallbacksRegistry.apply (D:\BlocklyCraftProject\CraftCreator\node_modules\electron\dist\resources\electron.asar\renderer\callbacks-registry.js:47:25)
    at handleMessage (D:\BlocklyCraftProject\CraftCreator\node_modules\electron\dist\resources\electron.asar\renderer\api\remote.js:285:21)
    at EventEmitter.ipcRenderer.on.args (D:\BlocklyCraftProject\CraftCreator\node_modules\electron\dist\resources\electron.asar\renderer\api\remote.js:275:7)
    at EventEmitter.emit (events.js:182:13)
[2019-07-07T21:58:51.838] [INFO] default - Open project result:MISSING_INFO
[2019-07-07T21:59:16.136] [WARN] default - Could not load project,because it missing name or version!
[2019-07-07T21:59:16.136] [INFO] default - Open project result:MISSING_INFO
[2019-07-07T22:00:28.795] [WARN] default - Could not load project,because it missing name or version!
[2019-07-07T22:00:28.797] [INFO] default - Open project result:MISSING_INFO
[2019-07-07T22:01:02.789] [INFO] default - Open project result:SUCCESS
[2019-07-07T22:01:02.790] [INFO] default - [ProjectArea]rec project-event
[2019-07-07T22:01:02.791] [INFO] default - [ProjectArea]rec project-event
[2019-07-07T22:01:02.792] [INFO] default - [ProjectArea]rec project-event
[2019-07-07T22:01:02.793] [INFO] default - [ProjectArea]rec project-event
[2019-07-07T22:01:02.794] [INFO] default - [ProjectArea]rec project-event
[2019-07-07T22:06:09.726] [INFO] default - [ProjectArea]rec project-close
[2019-07-07T22:06:09.729] [INFO] default - [ProjectArea]rec project-close
[2019-07-07T22:06:09.734] [INFO] default - Open project result:SUCCESS
[2019-07-07T22:06:09.734] [INFO] default - [ProjectArea]rec project-event
[2019-07-07T22:06:09.736] [INFO] default - [ProjectArea]rec project-event
[2019-07-07T22:06:09.737] [INFO] default - [ProjectArea]rec project-event
[2019-07-07T22:06:09.737] [INFO] default - [ProjectArea]rec project-event
[2019-07-07T22:06:12.639] [INFO] default - [ProjectArea]rec project-close
[2019-07-07T22:06:12.639] [INFO] default - [ProjectArea]rec project-close
[2019-07-07T22:06:12.639] [INFO] default - [BlockCraft]Project unloaded!
[2019-07-07T22:11:02.945] [INFO] default - [ProjectArea]rec project-close
[2019-07-07T22:11:02.956] [INFO] default - Open project result:SUCCESS
[2019-07-07T22:11:02.957] [INFO] default - [ProjectArea]rec project-event
[2019-07-07T22:47:41.835] [INFO] default - [ProjectArea]rec project-close
[2019-07-07T22:47:41.888] [INFO] default - Open project result:SUCCESS
[2019-07-07T22:47:41.890] [INFO] default - [ProjectArea]rec project-event
[2019-07-07T22:51:11.767] [INFO] default - [ProjectArea]rec project-close
[2019-07-07T22:51:11.777] [INFO] default - Open project result:SUCCESS
[2019-07-07T22:51:11.778] [INFO] default - [ProjectArea]rec project-event
[2019-07-07T22:51:18.216] [INFO] default - [ProjectArea]rec project-close
[2019-07-07T22:51:18.217] [INFO] default - [BlockCraft]Project unloaded!
[2019-07-07T22:52:27.131] [INFO] default - [ProjectArea]rec project-close
[2019-07-07T22:52:27.132] [INFO] default - Open project result:PROJECT_LOCKED
[2019-07-07T22:52:27.132] [INFO] default - [ProjectArea]rec project-close
[2019-07-07T22:52:36.219] [INFO] default - [ProjectArea]rec project-close
[2019-07-07T22:52:36.219] [INFO] default - Open project result:PROJECT_LOCKED
[2019-07-07T22:52:36.219] [INFO] default - [ProjectArea]rec project-close
[2019-07-07T22:53:20.297] [INFO] default - [ProjectArea]rec project-close
[2019-07-07T22:53:20.300] [INFO] default - [ProjectArea]rec project-close
[2019-07-07T22:53:20.304] [INFO] default - Open project result:SUCCESS
[2019-07-07T22:53:20.304] [INFO] default - [ProjectArea]rec project-event
[2019-07-07T22:53:20.304] [INFO] default - [ProjectArea]rec project-event
[2019-07-07T22:53:49.172] [INFO] default - [ProjectArea]rec project-close
[2019-07-07T22:53:49.172] [INFO] default - [ProjectArea]rec project-close
[2019-07-07T22:53:49.172] [INFO] default - [BlockCraft]Project unloaded!
[2019-07-07T22:53:52.274] [INFO] default - [ProjectArea]rec project-close
[2019-07-07T22:53:52.274] [INFO] default - [ProjectArea]rec project-close
[2019-07-07T22:53:52.276] [INFO] default - Open project result:SUCCESS
[2019-07-07T22:53:52.276] [INFO] default - [ProjectArea]rec project-event
[2019-07-07T22:53:52.278] [INFO] default - [ProjectArea]rec project-event
[2019-07-07T22:54:05.334] [INFO] default - [ProjectArea]rec project-close
[2019-07-07T22:54:05.341] [INFO] default - Open project result:SUCCESS
[2019-07-07T22:54:05.342] [INFO] default - [ProjectArea]rec project-event
[2019-07-07T22:55:09.721] [INFO] default - [ProjectArea]rec project-close
[2019-07-07T22:55:09.723] [INFO] default - Open project result:SUCCESS
[2019-07-07T22:55:09.723] [INFO] default - [ProjectArea]rec project-event
[2019-07-07T22:56:08.747] [INFO] default - [ProjectArea]rec project-close
[2019-07-07T22:56:08.747] [INFO] default - [ProjectArea]rec project-close
[2019-07-07T22:56:08.750] [INFO] default - Open project result:SUCCESS
[2019-07-07T22:56:08.750] [INFO] default - [ProjectArea]rec project-event
[2019-07-07T22:56:08.750] [INFO] default - [ProjectArea]rec project-open
[2019-07-07T22:56:17.772] [INFO] default - [ProjectArea]rec project-close
[2019-07-07T22:56:17.772] [INFO] default - [ProjectArea]rec project-close
[2019-07-07T22:56:17.772] [INFO] default - [BlockCraft]Project unloaded!
[2019-07-07T22:56:21.412] [INFO] default - [ProjectArea]rec project-close
[2019-07-07T22:56:21.414] [INFO] default - [ProjectArea]rec project-close
[2019-07-07T22:56:21.415] [INFO] default - Open project result:SUCCESS
[2019-07-07T22:56:21.415] [INFO] default - [ProjectArea]rec project-event
[2019-07-07T22:56:21.415] [INFO] default - [ProjectArea]rec project-open
[2019-07-07T22:57:48.375] [INFO] default - [ProjectArea]rec project-close
[2019-07-07T22:57:48.375] [INFO] default - [ProjectArea]rec project-close
[2019-07-07T22:57:48.375] [INFO] default - [ProjectArea]rec project-close
[2019-07-07T22:57:48.379] [INFO] default - Open project result:SUCCESS
[2019-07-07T22:57:48.379] [INFO] default - [ProjectArea]rec project-event
[2019-07-07T22:57:48.379] [INFO] default - [ProjectArea]rec project-open
[2019-07-07T22:57:48.379] [INFO] default - [ProjectArea]rec project-open
[2019-07-07T23:03:53.235] [INFO] default - [ProjectArea]rec project-close
[2019-07-07T23:03:53.236] [INFO] default - [ProjectArea]rec project-close
[2019-07-07T23:03:53.236] [INFO] default - [ProjectArea]rec project-close
[2019-07-07T23:03:53.236] [INFO] default - [BlockCraft]Project unloaded!
[2019-07-07T23:05:26.519] [INFO] default - [ProjectArea]rec project-close
[2019-07-07T23:05:26.519] [INFO] default - [ProjectArea]rec project-close
[2019-07-07T23:05:26.519] [INFO] default - [ProjectArea]rec project-close
[2019-07-07T23:05:26.521] [INFO] default - Open project result:SUCCESS
[2019-07-07T23:05:26.521] [INFO] default - [ProjectArea]rec project-event
[2019-07-07T23:05:26.521] [INFO] default - [ProjectArea]rec project-open
[2019-07-07T23:05:26.523] [INFO] default - [ProjectArea]rec project-open
[2019-07-07T23:05:32.635] [INFO] default - [ProjectArea]rec project-close
[2019-07-07T23:05:32.635] [INFO] default - [ProjectArea]rec project-close
[2019-07-07T23:05:32.635] [INFO] default - [ProjectArea]rec project-close
[2019-07-07T23:05:32.637] [INFO] default - Open project result:SUCCESS
[2019-07-07T23:05:32.637] [INFO] default - [ProjectArea]rec project-event
[2019-07-07T23:05:32.637] [INFO] default - [ProjectArea]rec project-open
[2019-07-07T23:05:32.638] [INFO] default - [ProjectArea]rec project-open
[2019-07-07T23:05:37.354] [INFO] default - [ProjectArea]rec project-close
[2019-07-07T23:05:37.355] [INFO] default - [ProjectArea]rec project-close
[2019-07-07T23:05:37.355] [INFO] default - [ProjectArea]rec project-close
[2019-07-07T23:05:37.358] [INFO] default - Open project result:SUCCESS
[2019-07-07T23:05:37.358] [INFO] default - [ProjectArea]rec project-event
[2019-07-07T23:05:37.358] [INFO] default - [ProjectArea]rec project-open
[2019-07-07T23:05:37.359] [INFO] default - [ProjectArea]rec project-open
[2019-07-07T23:08:40.016] [INFO] default - [ProjectArea]rec project-close
[2019-07-07T23:08:40.025] [INFO] default - Open project result:SUCCESS
[2019-07-07T23:08:40.026] [INFO] default - [ProjectArea]rec project-open
[2019-07-07T23:08:47.442] [INFO] default - [ProjectArea]rec project-close
[2019-07-07T23:08:47.444] [INFO] default - Open project result:SUCCESS
[2019-07-07T23:08:47.444] [INFO] default - [ProjectArea]rec project-open
[2019-07-07T23:08:52.373] [INFO] default - [ProjectArea]rec project-close
[2019-07-07T23:08:52.373] [INFO] default - [BlockCraft]Project unloaded!
[2019-07-07T23:09:18.940] [INFO] default - [ProjectArea]rec project-close
[2019-07-07T23:09:18.941] [INFO] default - Open project result:SUCCESS
[2019-07-07T23:09:18.942] [INFO] default - [ProjectArea]rec project-open
[2019-07-07T23:15:17.302] [INFO] default - [ProjectArea]rec project-close
[2019-07-07T23:15:17.309] [INFO] default - Open project result:SUCCESS
[2019-07-07T23:15:17.310] [INFO] default - [ProjectArea]rec project-open
[2019-07-07T23:15:23.697] [INFO] default - [ProjectArea]rec project-close
[2019-07-07T23:15:23.698] [INFO] default - [BlockCraft]Project unloaded!
[2019-07-07T23:16:06.755] [INFO] default - [ProjectArea]rec project-close
[2019-07-07T23:16:06.757] [INFO] default - Open project result:SUCCESS
[2019-07-07T23:16:06.757] [INFO] default - [ProjectArea]rec project-open
[2019-07-07T23:20:31.503] [INFO] default - [ProjectArea]rec project-close
[2019-07-07T23:20:31.509] [INFO] default - Open project result:SUCCESS
[2019-07-07T23:20:31.509] [INFO] default - [ProjectArea]rec project-open
[2019-07-07T23:21:26.237] [INFO] default - [ProjectArea]rec project-close
[2019-07-07T23:21:26.237] [INFO] default - [ProjectArea]rec project-close
[2019-07-07T23:21:26.239] [INFO] default - Open project result:SUCCESS
[2019-07-07T23:21:26.239] [INFO] default - [ProjectArea]rec project-open
[2019-07-07T23:21:26.241] [INFO] default - [ProjectArea]rec project-open
[2019-07-07T23:21:56.493] [INFO] default - [ProjectArea]rec project-close
[2019-07-07T23:21:56.503] [INFO] default - Open project result:SUCCESS
[2019-07-07T23:21:56.503] [INFO] default - [ProjectArea]rec project-open
[2019-07-07T23:22:02.388] [INFO] default - [ProjectArea]rec project-close
[2019-07-07T23:22:02.390] [INFO] default - [BlockCraft]Project unloaded!
